<?xml version="1.0" encoding="UTF-8"?>
<!-- Generated by org.testng.reporters.JUnitXMLReporter -->
<testsuite ignored="2" hostname="SYNPYPUL9161DJZ" failures="0" tests="2" name="UI automation" time="15.399" errors="0" timestamp="2024-12-05T11:30:42 IST">
  <testcase classname="com.synechron.testng.Testcase1" name="launchbrowser" time="6.156"/>
  <testcase classname="com.synechron.testng.Testcase3" name="alerts" time="9.195"/>
  <testcase classname="com.synechron.testng.Testcase2" name="Login" time="0.0">
    <ignored/>
  </testcase> <!-- Login -->
  <testcase classname="com.synechron.testng.Testcase4" name="scroll" time="0.0">
    <ignored/>
  </testcase> <!-- scroll -->
</testsuite> <!-- UI automation -->
